<?xml version="1.0" encoding="UTF-8"?>
<testng-results ignored="0" total="1" passed="1" failed="0" skipped="0">
  <reporter-output>
    <line>
      <![CDATA[----DBConnected---]]>
    </line>
    <line>
      <![CDATA[---Logged in to Applcn---]]>
    </line>
  </reporter-output>
  <suite started-at="2024-04-18T13:25:20 IST" name="Default suite" finished-at="2024-04-18T13:25:37 IST" duration-ms="17118">
    <groups>
      <group name="smoke">
        <method signature="BaseClassMnagementForLead.script()[pri:0, instance:endtoend.BaseClassMnagementForLead@175c2241]" name="script" class="endtoend.BaseClassMnagementForLead"/>
      </group> <!-- smoke -->
    </groups>
    <test started-at="2024-04-18T13:25:20 IST" name="Default test" finished-at="2024-04-18T13:25:37 IST" duration-ms="17118">
      <class name="endtoend.BaseClassMnagementForLead">
        <test-method is-config="true" signature="connectToDB()[pri:0, instance:endtoend.BaseClassMnagementForLead@175c2241]" started-at="2024-04-18T13:25:20 IST" name="connectToDB" finished-at="2024-04-18T13:25:20 IST" duration-ms="176" status="PASS">
          <reporter-output>
            <line>
              <![CDATA[----DBConnected---]]>
            </line>
          </reporter-output>
        </test-method> <!-- connectToDB -->
        <test-method is-config="true" signature="launchBrowser()[pri:0, instance:endtoend.BaseClassMnagementForLead@175c2241]" started-at="2024-04-18T13:25:20 IST" name="launchBrowser" finished-at="2024-04-18T13:25:24 IST" duration-ms="3423" status="PASS">
          <reporter-output>
          </reporter-output>
        </test-method> <!-- launchBrowser -->
        <test-method is-config="true" signature="loginToApp()[pri:0, instance:endtoend.BaseClassMnagementForLead@175c2241]" started-at="2024-04-18T13:25:24 IST" name="loginToApp" finished-at="2024-04-18T13:25:26 IST" duration-ms="2317" status="PASS">
          <reporter-output>
            <line>
              <![CDATA[---Logged in to Applcn---]]>
            </line>
          </reporter-output>
        </test-method> <!-- loginToApp -->
        <test-method signature="script()[pri:0, instance:endtoend.BaseClassMnagementForLead@175c2241]" started-at="2024-04-18T13:25:26 IST" name="script" finished-at="2024-04-18T13:25:37 IST" duration-ms="10935" status="PASS">
          <reporter-output>
          </reporter-output>
        </test-method> <!-- script -->
        <test-method is-config="true" signature="logoutFromApplcn()[pri:0, instance:endtoend.BaseClassMnagementForLead@175c2241]" started-at="2024-04-18T13:25:37 IST" name="logoutFromApplcn" finished-at="2024-04-18T13:25:37 IST" duration-ms="391" status="PASS">
          <reporter-output>
          </reporter-output>
        </test-method> <!-- logoutFromApplcn -->
        <test-method is-config="true" signature="closeDB()[pri:0, instance:endtoend.BaseClassMnagementForLead@175c2241]" started-at="2024-04-18T13:25:38 IST" name="closeDB" finished-at="2024-04-18T13:25:38 IST" duration-ms="10" status="PASS">
          <reporter-output>
          </reporter-output>
        </test-method> <!-- closeDB -->
      </class> <!-- endtoend.BaseClassMnagementForLead -->
    </test> <!-- Default test -->
  </suite> <!-- Default suite -->
</testng-results>
