<?xml version="1.0" encoding="UTF-8"?>
<!-- Generated by org.testng.reporters.JUnitXMLReporter -->
<testsuite ignored="0" hostname="LAPTOP-0RNG99S0" failures="0" tests="4" name="TestRunner" time="0.063" errors="0" timestamp="2024-04-10T12:45:41 IST">
  <testcase classname="practice.AnnotationTest" name="script" time="0.006"/>
  <testcase classname="practice.AnnotationTest" name="script1" time="0.002"/>
  <testcase classname="practice.AnnotationPracticeTest" name="sampleTest1" time="0.0"/>
  <testcase classname="practice.AnnotationPracticeTest" name="sampleTest2" time="0.001"/>
</testsuite> <!-- TestRunner -->
