<?xml version="1.0" encoding="UTF-8"?>
<!-- Generated by org.testng.reporters.JUnitXMLReporter -->
<testsuite ignored="0" hostname="LAPTOP-0RNG99S0" failures="0" tests="4" name="TestRunner2" time="0.028" errors="0" timestamp="2024-04-10T13:27:49 IST">
  <testcase classname="practice.AnnotationTest" name="script" time="0.004"/>
  <testcase classname="practice.AnnotationPracticeTest" name="sampleTest1" time="0.003"/>
  <testcase classname="practice.AnnotationTest" name="script1" time="0.004"/>
  <testcase classname="practice.AnnotationPracticeTest" name="sampleTest2" time="0.003"/>
</testsuite> <!-- TestRunner2 -->
