<?xml version="1.0" encoding="UTF-8"?>
<!-- Generated by org.testng.reporters.JUnitXMLReporter -->
<testsuite ignored="6" hostname="LAPTOP-0RNG99S0" failures="0" tests="4" name="TestRunner5" time="32.667" errors="0" timestamp="2024-04-10T15:38:05 IST">
  <testcase classname="BaseClassMnagementForProduct" name="product" time="11.985"/>
  <testcase classname="BaseClassManagementForLeadWithMndatory" name="createLeadWithMandatory" time="15.709"/>
  <testcase classname="BaseClassManagementLeadEvent" name="leadEvent" time="17.389"/>
  <testcase classname="BaseClassMnagementForLead" name="script" time="19.925"/>
  <testcase classname="genericUtilities.BaseClass" name="@BeforeSuite connectToDB" time="0.0">
    <ignored/>
  </testcase> <!-- @BeforeSuite connectToDB -->
  <testcase classname="genericUtilities.BaseClass" name="@BeforeSuite connectToDB" time="0.0">
    <ignored/>
  </testcase> <!-- @BeforeSuite connectToDB -->
  <testcase classname="genericUtilities.BaseClass" name="@BeforeSuite connectToDB" time="0.0">
    <ignored/>
  </testcase> <!-- @BeforeSuite connectToDB -->
  <testcase classname="genericUtilities.BaseClass" name="@AfterSuite closeDB" time="0.0">
    <ignored/>
  </testcase> <!-- @AfterSuite closeDB -->
  <testcase classname="genericUtilities.BaseClass" name="@AfterSuite closeDB" time="0.0">
    <ignored/>
  </testcase> <!-- @AfterSuite closeDB -->
  <testcase classname="genericUtilities.BaseClass" name="@AfterSuite closeDB" time="0.0">
    <ignored/>
  </testcase> <!-- @AfterSuite closeDB -->
</testsuite> <!-- TestRunner5 -->
