<?xml version="1.0" encoding="UTF-8"?>
<!-- Generated by org.testng.reporters.JUnitXMLReporter -->
<testsuite ignored="0" hostname="LAPTOP-0RNG99S0" failures="0" tests="4" name="TestRunner1" time="0.069" errors="0" timestamp="2024-04-10T13:27:49 IST">
  <testcase classname="practice.AnnotationTest" name="script1" time="0.008"/>
  <testcase classname="practice.AnnotationTest" name="script" time="0.009"/>
  <testcase classname="practice.AnnotationPracticeTest" name="sampleTest1" time="0.001"/>
  <testcase classname="practice.AnnotationPracticeTest" name="sampleTest2" time="0.005"/>
</testsuite> <!-- TestRunner1 -->
